nohup: ignoring input
Start building sites … 
hugo v0.101.0-466fa43c16709b4483689930a4f9ac8add5c9f66+extended linux/amd64 BuildDate=2022-06-16T07:09:16Z VendorInfo=gohugoio
WARN 2022/08/26 02:13:37 Search page not found. Create a page with layout: search.
WARN 2022/08/26 02:13:37 Archives page not found. Create a page with layout: archives.
WARN 2022/08/26 02:13:37 Search page not found. Create a page with layout: search.
WARN 2022/08/26 02:13:37 Archives page not found. Create a page with layout: archives.
WARN 2022/08/26 02:13:37 Search page not found. Create a page with layout: search.
WARN 2022/08/26 02:13:37 Archives page not found. Create a page with layout: archives.

                   | ZH-CN | EN | AR  
-------------------+-------+----+-----
  Pages            |     9 |  7 |  7  
  Paginator pages  |     0 |  0 |  0  
  Non-page files   |     0 |  0 |  0  
  Static files     |     0 |  0 |  0  
  Processed images |     0 |  0 |  0  
  Aliases          |     4 |  3 |  3  
  Sitemaps         |     2 |  1 |  1  
  Cleaned          |     0 |  0 |  0  

Built in 114 ms
Watching for changes in /home/ubuntu/hugo/{archetypes,content,data,layouts,static,themes}
Watching for config changes in /home/ubuntu/hugo/config.yaml, /home/ubuntu/hugo/themes/hugo-theme-stack/config.yaml
Environment: "development"
Serving pages from memory
Running in Fast Render Mode. For full rebuilds on change: hugo server --disableFastRender
Web Server is available at http://localhost:80/ (bind address 0.0.0.0)
Press Ctrl+C to stop

Change detected, rebuilding site.
2022-08-26 02:14:04.759 +0800
Source changed "/home/ubuntu/hugo/content/post/index.md": REMOVE
Source changed "/home/ubuntu/hugo/content/post": REMOVE
WARN 2022/08/26 02:14:04 Search page not found. Create a page with layout: search.
WARN 2022/08/26 02:14:04 Archives page not found. Create a page with layout: archives.
WARN 2022/08/26 02:14:04 Search page not found. Create a page with layout: search.
WARN 2022/08/26 02:14:04 Archives page not found. Create a page with layout: archives.
WARN 2022/08/26 02:14:04 Search page not found. Create a page with layout: search.
WARN 2022/08/26 02:14:04 Archives page not found. Create a page with layout: archives.
Total in 10 ms
adding created directory to watchlist /home/ubuntu/hugo/content/post

Change detected, rebuilding site.
2022-08-26 02:14:39.759 +0800
WARN 2022/08/26 02:14:39 Search page not found. Create a page with layout: search.
WARN 2022/08/26 02:14:39 Archives page not found. Create a page with layout: archives.
WARN 2022/08/26 02:14:39 Search page not found. Create a page with layout: search.
WARN 2022/08/26 02:14:39 Archives page not found. Create a page with layout: archives.
WARN 2022/08/26 02:14:39 Search page not found. Create a page with layout: search.
WARN 2022/08/26 02:14:39 Archives page not found. Create a page with layout: archives.
Total in 13 ms
adding created directory to watchlist /home/ubuntu/hugo/content/post/test

Change detected, rebuilding site.
2022-08-26 02:14:43.759 +0800
WARN 2022/08/26 02:14:43 Search page not found. Create a page with layout: search.
WARN 2022/08/26 02:14:43 Archives page not found. Create a page with layout: archives.
WARN 2022/08/26 02:14:43 Search page not found. Create a page with layout: search.
WARN 2022/08/26 02:14:43 Archives page not found. Create a page with layout: archives.
WARN 2022/08/26 02:14:43 Search page not found. Create a page with layout: search.
WARN 2022/08/26 02:14:43 Archives page not found. Create a page with layout: archives.
Total in 9 ms

Change detected, rebuilding site.
2022-08-26 02:16:11.258 +0800
Source changed "/home/ubuntu/hugo/content/post/test/index.md": WRITE
WARN 2022/08/26 02:16:11 Search page not found. Create a page with layout: search.
WARN 2022/08/26 02:16:11 Archives page not found. Create a page with layout: archives.
WARN 2022/08/26 02:16:11 Search page not found. Create a page with layout: search.
WARN 2022/08/26 02:16:11 Archives page not found. Create a page with layout: archives.
WARN 2022/08/26 02:16:11 Search page not found. Create a page with layout: search.
WARN 2022/08/26 02:16:11 Archives page not found. Create a page with layout: archives.
Total in 17 ms
